[    0.00000] Initializincgroupubsys cpus
[    0.00000 Initializing cgroup subsys cpu
[  0.000000] Initializing cgroup subsys cpuacct
[    0.000000] Linux version 4.4.0-170-generic (buildd@lcy01-amd64-019) (gcc version 5.4.0 20160609 (Ubuntu 5.4.0-6ubuntu1~16.04.12) ) #199-Ubuntu SMP Thu Nov 14 01:45:04 UTC 2019 (Ubuntu 4.4.-170.199-generic 4.4.200)
[    0.000000] Command line: BOOT_IMAGE=/boot/vmlinuz-4.4.0-170-generic root=LABEL=cloudimg-rootfs ro console=tty1 console=ttyS0
[   0.000000] KERNEL supported cpus:
[    0.000000]   Intel GenuineIntel
[    0.000000]   AMD AuthenticAMD
[    0.000000]   Centaur CentaurHauls
[    0.000000] x86/fpu: xstate_offset[2]:  576, xstate_sizes[2]:  256
[    0.000000] x86/fpu: Supporting XSAVE feature 0x01: 'x87 floatingoint registers'
[    0.000000] x86/fpu: Supporting XSAVE feature 0x02: 'SSE registers'
[    0.000000] x86/fpu: Supporting XSAVE feature 0x04: 'AVX registers'
[    0.000000] x86/fpu: Enabled xstate features 0x7, context size is 832 bytes, using 'standard' format.
[    0.000000] e820: BIOS-provided physical RAM map:
[    0.0000000] IOS-e820: [mem 0x0000000000000000-0x000000000009fbff] usable
[    0.000000] BIOS-e820: [mem 0x000000000009fc00-0x000000000009ffff] reserved
[    0.000000] BIOS-e820: [mem 0x00000000000f0000-0x00000000000fffff] reserved
[    0.000000] BIOS-e820: [mem 0x0000000000100000-0x000000003ffeffff] usable
[    0.000000] BIOS-e820: [mem 0x000000003fff0000-0x000000003fffffff] ACPI data
[    0.000000] BIOS-e820: [mem 0x00000000fec00000-0x00000000fec00fff] reserved
[    0.000000] BIOS-e820: [mem 0x00000000fee00000-0x00000000fee00fff] reserved
[    0.000000] BIOS-e820: [mem 0x00000000fffc0000-0x00000000ffffffff] reserved
[    0.000000] NX (Execute Disable) protection: active
[    0.000000] SMBIOS 2.5 present.
[    0.000000] Hypevisor etcted: K
[    00000 e820: last_pfn = 0x3fff0 max_arch_pfn = 0x400000000
[    0.000000] MTRR: Disabled
[    0.000000] x86/PAT: MTRRs disabled, skipping PAT initialization too.
[    0.000000] CPU MTRRs all blank - virtualizesytem.[    0.000000] x86/PAT: Confiraion0-]: WB WT  UC- UCWB  WTUC- UC  [   .000000] found SMP MP-table at [mem 0x0009fff0-0x0009ff] mppedat[ffff8800000ff0]
[    0.000000] Scanning 1areas for low memory corruption
[    0.000000] RAMDISK: [mem 0x362f4000-0x37171fff]
[    0.000000] ACPI: Early table checksum verification disabled
[    0.000000] ACPI: RSDP 0x00000000000E0000 000024 (v02 VBOX  )
[    0.000000] AI: XSDT 0x000000003FFF0030 00003C (v01 VBOX   VBOXXSDT 00000001 ASL  00000061)
[    0.000000] ACPI: FACP 0x000000003FFF00F0000F4 (v04 OX   VBOXFACP 00000001 ASL  00000061)
[     000000] ACPI: DSDT 0x000000003F0470 00FF (v02 VBOX   VBOXBIOS 00000002 INTL 20100528)
[    0.000000] ACPI: FACS 0x000000003FFF0200 000040
[    0.000000] ACPI: FACS 0x000000003FFF0200 000040
[    0.000000] ACPI: APIC 0x000000003FFF0240 00005C (v02 VBOX   OXPIC000000ASL  000061
[    .00000ACPI:SDT 000000003FFF02A0001CC (v01 VBOX   VBOXCPUT 00000002 INTL 20100528)
[    0.000000]o NUMconfigation found
[    0.000000] Faking a node at [mem 0x0000000000000000-0x000000003ffeffff]
[    0.000000] NODE_DATA(0) allocated [mem 0x3ffeb000-0x3ffeffff]
[    0.000000] kvm-clock: Using msrs 4b564d01 and 4b564d00
[    0.000000] kvm-clock: cpu 0, msr 0:3ffe3001, primary cpu clock
[    0.000000] kvm-ock: using sched offet o41476436 ycles
[    0.000000] clocksource: kvm-clock: mask: 0xffffffffffffffff max_cycles: 0x1cd42e4dffb, max_idle_ns: 881590591483 ns
[    0.000000] Zone ranges:
[    0.000000]   DMA      [mem 0x0000000000001000-0x0000000000ffffff]
[    0.000000]   DMA32    [mem 0x0000000001000000-0x000000003ffeffff]
[    0.000000]   Normal   empty
[    0.000000]   Device   empty
[    0.000000] Movable zone start for each node
[    0.000000] Early memory node ranges
[    0.000000]   node   0: [mem 0x0000000000001000-0x000000000009efff]
[    0.000000]   node   0: [mem 0x0000000000100000-0x000000003ffeffff]
[    0.000000] Initmem setup node 0 [mem 0x0000000000001000-0x000000003ffeffff]
[    0.000000] ACPI: PM-Timer IO Port: 0x4008
[    0.000000] IOAPIC[0]: apic_id 2, version 32, address 0xfec00000, GSI 0-23
[    0.000000] ACPI: INT_SRC_OVR (bus 0 bus_irq 0 global_irq 2 dfl dfl)
[    0.000000] ACPI: INT_SRC_OVR (bus 0 bus_irq 9 global_irq 9 low level)
[    0.000000] Using ACPI (MADT) for SMP configuration information
[    0.000000] smpboot: Allowing 2 CPUs, 0 hotplug CPUs
[    0.000000] PM: Registered nosave memory: [mem 0x00000000-0x00000fff]
[    0.000000] PM: Registered nosave memory: [mem 0x0009f000-0x0009ffff]
[    0.000000]PM: Reisted osave memory: [mem 0x000a0000x000effff]
[   0.00000 P: Registered nosave moy: [mem 0x000f0000-000fffff]
[   0.0000] e820:mem 0x4000000-0xfebfff] available for PCI devices
[    0.000000] Booting paravirtualized kernel on KVM
[    0.000000] clocksource: refined-jiffies: mask: 0xffffffff max_cycles: 0xffffffff, max_idle_ns: 7645519600211568 ns
[    0.000000] setup_percpu: NR_CPUS:512 nr_cpumask_bits:512 nr_cpu_ids:2 nr_node_ids:1
[    0.000000] PERCPU: Embedded 33 pages/cpu @ffff88003fc00000 s95448 r8192 d31528 u1048576
[    0.000000] Built 1 zonelists in Node order, mobility grouping on.  Total pages: 257912
[    0.000000] Policy zone: DMA32
[    0.000000] Kernel command line: BOOT_IMAGE=/boot/vmlinuz-4.4.0-170-generic root=LABEL=cloudimg-rootfs ro console=tty1 console=ttyS0
[    0.000000] PID hash table entries: 4096 (order: 3, 32768byt)
[  0.0000]Memor 9977161048120K available (8626K kernel code, 1336K rwdata, 4036K odat 188K it, 1288K bss 50404K reserved, 0K cma-reserved)
[   0.000000]LUB: HWalign=64, Orde0-3, Minjects=0, CPUs=2, Nodes=1
[    0.000000] Kernel/User pagge tables isolation: enabled
[    0.000000] Hierarchical RCU implementation.
[    0.000000] 	Build-time adjustment of leaf fanout to 64.
[    0.000000] 	RCU restricting CPUs fromNR_CPUS=512 to nr_cpu_ids=2.
[    0.00000] RCU: Adjusting geometry for rcu_fanout_leaf=64, nr_cpu_ids=2
[   0.000000] NR_IRQS:33024 nr_irqs:440 16
[    0.000000] Console: colour VGA+ 80x25
[    0.000000] console [tty1] enabled
[    0.000000] console [ttyS0] enabled
[    0.000000] tsc: Detected 2711.998 MHz processor
[    4.151641] Calibrating delay loop (skipped) preset value.. 5423.99 BogoMIPS (lpj=10847992)
[    4.154354] pid_max: default: 32768 minimum: 301
[    4.155560] ACPI: Core revision 20150930
[    4.157289] ACPI: 2 ACPI AML tables successfully acquired and loaded
[    4.158813] Security Framework initialized
[    4.159713] Yama: becoming mindful.
[    4.160557] AppArmor: AppArmor initialized
[    4.162242] Dentry cache hash table entries: 131072 (order: 8, 1048576 bytes)
[    4.174734] Inode-cache hash table entries: 65536 (order: 7, 524288 bytes)
[    4.176451] Mount-cache hash table entries: 2048 (order: 2, 16384 bytes)
[    4.177771] Mountpoint-cache hash table entries: 2048 (order: 2, 16384 bytes)
[    4.179190] Initializing cgroup subsys io
[    4.180035] Initializing cgroup subsys memory
[    4.180922] Initializing cgroup subsys devices
[    4.181819] Initializing cgroup subsys freezer
[    4.182743] Initializing cgroup subsys net_cls
[    4.183608] Initializing cgroup subsys perf_event
[    4.184551] Initializing cgroup subsys net_prio
[    4.204204] Initializing cgroup subsys hugetlb
[    4.205323] Initializing cgroup subsys pids
[    4.208580] mce: CPU supports 0 MCE banks
[    4.209632] Last level iTLB entries: 4KB 64, 2MB 8, 4MB 8
[    4.210825] Last level dTLB entries: 4KB 64, 2MB 0, 4MB 0, 1GB 4
[    4.212247] Spectre V1 : Mitigation: usercopy/swapgs barriers and __user pointer sanitization
[    4.214305] Spectre V2 : Mitigation: Full generic retpoline
[    4.215551] Spectre V2 : Spectre v2 / SpectreRSB mitigation: Filling RSB on context switch
[    4.224895] Speculative Store Bypass: Vulnerable
[    4.226067] MDS: Vulnerable: Clear CPU buffers attempted, no microcode
[    4.231158] Freeing SMP alternatives memory: 36K
[    4.239995] ftrace: allocating 32302 entries in 127 pages
[    4.350530] smpboot: APIC(0) Converting physical 0 to logical package 0
[    4.427654] smpboot: Max logical packages: 1
[    4.439005] x2apic enabled
[    4.471978] Switched APIC routing to physical x2apic.
[    4.508681] ..TIMER: vector=0x30 apic1=0 pin1=2 apic2=-1 pin2=-1
[    4.692318] smpboot: CPU0: Intel(R) Core(TM) i5-7200U CPU @ 2.50GHz (family: 0x6, model: 0x8e, stepping: 0x9)
[    4.747771] Performance Events: unsupported p6 CPU model 142 no PMU driver, software events only.
[    4.759272] KVM setup paravirtual spinlock
[    4.768050] x86: Booting SMP configuration:
[    4.775349] .... node  #0, CPUs:      #1
[    4.789712] kvm-clock: cpu 1, msr 0:3ffe3041, secondary cpu clock
[    4.798025] mce: CPU supports 0 MCE banks
[    4.800634] x86: Booted up 1 node, 2 CPUs
[    4.814711] smpboot: Total of 2 processors activated (10847.99 BogoMIPS)
[    4.840176] devtmpfs: initialized
[    4.895225] evm: security.selinux
[    4.925627] evm: security.SMACK64
[    4.934544] evm: security.SMACK64EXEC
[    4.954750] evm: security.SMACK64TRANSMUTE
[    4.982643] evm: security.SMACK64MMAP
[    4.984895] evm: security.ima
[    4.986855] evm: security.capability
[    4.991826] clocksource: jiffies: mask: 0xffffffff max_cycles: 0xffffffff, max_idle_ns: 7645041785100000 ns
[    5.014269] futex hash table entries: 512 (order: 3, 32768 bytes)
[    5.029105] pinctrl core: initialized pinctrl subsystem
[    5.033112] RTC time: 19:41:49, date: 01/05/20
[    5.035597] NET: Registered protocol family 16
[    5.049932] cpuidle: using governor ladder
[    5.062254] cpuidle: using governor menu
[    5.070820] PCCT header not found.
[    5.073001] ACPI: bus type PCI registered
[    5.075162] acpiphp: ACPI Hot Plug PCI Controller Driver version: 0.5
[    5.078108] PCI: Using configuration type 1 for base access
[    5.094989] ACPI: Added _OSI(Module Device)
[    5.112165] ACPI: Added _OSI(Processor Device)
[    5.131381] ACPI: Added _OSI(3.0 _SCP Extensions)
[    5.134978] ACPI: Added _OSI(Processor Aggregator Device)
[    5.189471] ACPI: Executed 1 blocks of module-level executable AML code
[    5.217847] ACPI: Interpreter enabled
[    5.232016] ACPI: (supports S0 S5)
[    5.233371] ACPI: Using IOAPIC for interrupt routing
[    5.235737] PCI: Using host bridge windows from ACPI; if necessary, use "pci=nocrs" and report a bug
[    5.244987] ACPI: PCI Root Bridge [PCI0] (domain 0000 [bus 00-ff])
[    5.247159] acpi PNP0A03:00: _OSC: OS supports [ASPM ClockPM Segments MSI]
[    5.258081] acpi PNP0A03:00: _OSC: not requesting OS control; OS requires [ExtendedConfig ASPM ClockPM MSI]
[    5.260965] acpi PNP0A03:00: fail to add MMCONFIG information, can't access extended PCI configuration space under this bridge.
[    5.265517] PCI host bridge to bus 0000:00
[    5.266788] pci_bus 0000:00: root bus resource [io  0x0000-0x0cf7 window]
[    5.269238] pci_bus 0000:00: root bus resource [io  0x0d00-0xffff window]
[    5.271104] pci_bus 0000:00: root bus resource [mem 0x000a0000-0x000bffff window]
[    5.273962] pci_bus 0000:00: root bus resource [mem 0x40000000-0xfdffffff window]
[    5.276346] pci_bus 0000:00: root bus resource [bus 00-ff]
[    5.280344] pci 0000:00:01.1: legacy IDE quirk: reg 0x10: [io  0x01f0-0x01f7]
[    5.297016] pci 0000:00:01.1: legacy IDE quirk: reg 0x14: [io  0x03f6]
[    5.298932] pci 0000:00:01.1: legacy IDE quirk: reg 0x18: [io  0x0170-0x0177]
[    5.301150] pci 0000:00:01.1: legacy IDE quirk: reg 0x1c: [io  0x0376]
[    5.361664] pci 0000:00:07.0: quirk: [io  0x4000-0x403f] claimed by PIIX4 ACPI
[    5.364545] pci 0000:00:07.0: quirk: [io  0x4100-0x410f] claimed by PIIX4 SMB
[    5.389634] ACPI: PCI Interrupt Link [LNKA] (IRQs 5 9 10 *11)
[    5.393643] ACPI: PCI Interrupt Link [LNKB] (IRQs 5 9 *10 11)
[    5.395298] ACPI: PCI Interrupt Link [LNKC] (IRQs 5 *9 10 11)
[    5.396910] ACPI: PCI Interrupt Link [LNKD] (IRQs 5 9 10 *11)
[    5.398562] ACPI: Enabled 2 GPEs in block 00 to 07
[    5.399902] vgaarb: setting as boot device: PCI:0000:00:02.0
[    5.401081] vgaarb: device added: PCI:0000:00:02.0,decodes=io+mem,owns=io+mem,locks=none
[    5.403339] vgaarb: loaded
[    5.404053] vgaarb: bridge control possible 0000:00:02.0
[    5.405273] SCSI subsystem initialized
[    5.406067] ACPI: bus type USB registered
[    5.406886] usbcore: registered new interface driver usbfs
[    5.407883] usbcore: registered new interface driver hub
[    5.408902] usbcore: registered new device driver usb
[    5.410132] PCI: Using ACPI for IRQ routing
[    5.411267] NetLabel: Initializing
[    5.412010] NetLabel:  domain hash size = 128
[    5.412868] NetLabel:  protocols = UNLABELED CIPSOv4
[    5.425926] NetLabel:  unlabeled traffic allowed by default
[    5.509401] amd_nb: Cannot enumerate AMD northbridges
[    5.530848] clocksource: Switched to clocksource kvm-clock
[  5.82] Apprmor: AppArmor Filesystem Enabled
[    5.844197] pnp: PnP ACPI init
[    5.8468pn PnP ACPI: found 3 devices

[  66659] clocksource: acpi_pm: mask: 0xffffff max_cycles: 0xffffff, max_idle_ns: 2085701024 ns
[  6507] NET: Registered protocol family 2

[    6.475008] TCP established hash table entries: 8192 (order: 4, 65536 bytes)
[    6.476956] TCP bind hash table entries: 8192 (order: 5, 131072 bytes)
[    6.479352] TCP: Hash tables configured (established 8192 bind 8192)
[  6.481190] UDP hash table entries: 512 (order: 2, 16384 bytes)
[    6.557188] UDP-Lite hash table entries: 512 (order: 2, 16384 bytes)
[    6.559140] NET: Registered protocol family 1
[    6.560743] pci 0000:00:00.0: Limiting direct PCI/PCI transfers
[  699441] pci 0000:00:01.0: Activating ISA DMA hang workarounds
[    6.727778] Unpacking initramfs...

[    7.247677] Freeing initrd memory: 14840K
[    7.274553] clocksource: tsc: mask: 0xffffffffffffffff max_cycles: 0x27178451938, max_idle_ns: 440795251172 ns
[    7.333655] platform rtc_cmos: registered platform RTC device (no PNP device found)
[    7.390197] Scanning for low memory corruption every 60 seconds
[    7.400219] audit: initializing netlink subsys (disabled)
[    7.410315] audit: type=2000 audit(1578253312.668:1): initialized
[    7.448632] Initialise system trusted keyring
[    7.494372] HugeTLB registered 2 MB page size, pre-allocated 0 pages
[    7.497592] zbud: loaded
[    7.521054] VFS: Disk quotas dquot_6.6.0
[    7.598297] VFS: Dquot-cache hash table entries: 512 (order 0, 4096 bytes)
[    7.616181] squashfs: version 4.0 (2009/01/31) Phillip Lougher
[    7.618499] fuse init (API version 7.23)
[    7.620256] Key type big_key registered
[    7.621556] Allocating IMA MOK and blacklist keyrings.
[    7.625601] Key type asymmetric registered
[    7.627064] Asymmetric key parser 'x509' registered
[    7.628473] Block layer SCSI generic (bsg) driver version 0.4 loaded (major 249)
[    7.630411] io scheduler noop registered
[    7.631788] io scheduler deadline registered (default)
[    7.633487] io scheduler cfq registered
[    7.634494] pci_hotplug: PCI Hot Plug PCI Core version: 0.5
[    7.636200] pciehp: PCI Express Hot Plug Controller Driver version: 0.4
[    7.638616] ACPI: AC Adapter [AC] (off-line)
[    7.640247] input: Power Button as /devices/LNXSYSTM:00/LNXPWRBN:00/input/input0
[    7.643504] ACPI: Power Button [PWRF]
[    7.644858] input: Sleep Button as /devices/LNXSYSTM:00/LNXSLPBN:00/input/input1
[    7.647448] ACPI: Sleep Button [SLPF]
[    7.649310] GHES: HEST is not enabled!
[    7.650229] ACPI: Battery Slot [BAT0] (battery present)
[    7.652302] Serial: 8250/16550 driver, 32 ports, IRQ sharing enabled
[    7.678032] 00:02: ttyS0 at I/O 0x3f8 (irq = 4, base_baud = 115200) is a 16550A
[    7.687354] Linux agpgart interface v0.103
[    7.693154] loop: module loaded
[    7.696494] scsi host0: ata_piix
[    7.697926] scsi host1: ata_piix
[    7.699010] ata1: PATA max UDMA/33 cmd 0x1f0 ctl 0x3f6 bmdma 0xd000 irq 14
[    7.700666] ata2: PATA max UDMA/33 cmd 0x170 ctl 0x376 bmdma 0xd008 irq 15
[    7.702380] libphy: Fixed MDIO Bus: probed
[    7.703591] tun: Universal TUN/TAP device driver, 1.6
[    7.707095] tun: (C) 1999-2004 Max Krasnyansky <maxk@qualcomm.com>
[    7.709323] PPP generic driver version 2.4.2
[    7.730621] ehci_hcd: USB 2.0 'Enhanced' Host Controller (EHCI) Driver
[    7.732625] ehci-pci: EHCI PCI platform driver
[    7.734195] ehci-platform: EHCI generic platform driver
[    7.736696] ohci_hcd: USB 1.1 'Open' Host Controller (OHCI) Driver
[    7.738667] ohci-pci: OHCI PCI platform driver
[    7.740112] ohci-platform: OHCI generic platform driver
[    7.741759] uhci_hcd: USB Universal Host Controller Interface driver
[    7.743506] i8042: PNP: PS/2 Controller [PNP0303:PS2K,PNP0f03:PS2M] at 0x60,0x64 irq 1,12
[    7.746694] serio: i8042 KBD port at 0x60,0x64 irq 1
[    7.748393] serio: i8042 AUX port at 0x60,0x64 irq 12
[    7.750140] mousedev: PS/2 mouse device common for all mice
[    7.752589] input: AT Translated Set 2 keyboard as /devices/platform/i8042/serio0/input/input2
[    7.756362] rtc_cmos rtc_cmos: rtc core: registered rtc_cmos as rtc0
[    7.758024] rtc_cmos rtc_cmos: alarms up to one day, 114 bytes nvram
[    7.760473] i2c /dev entries driver
[    7.761532] device-mapper: uevent: version 1.0.3
[    7.763085] device-mapper: ioctl: 4.34.0-ioctl (2015-10-28) initialised: dm-devel@redhat.com
[    7.765135] ledtrig-cpu: registered to indicate activity on CPUs
[    7.773327] NET: Registered protocol family 10
[    7.781211] NET: Registered protocol family 17
[    7.782229] Key type dns_resolver registered
[    7.783661] registered taskstats version 1
[    7.799511] Loading compiled-in X.509 certificates
[    7.809405] Loaded X.509 cert 'Build time autogenerated kernel key: f0e56e97f406068ace47a9bf54316e9855aaaa43'
[    7.811521] zswap: loaded using pool lzo/zbud
[    7.814235] Key type trusted registered
[    7.818984] Key type encrypted registered
[    7.834611] AppArmor: AppArmor sha1 policy hashing enabled
[    7.835889] ima: No TPM chip found, activating TPM-bypass!
[    7.837130] ima: Allocated hash algorithm: sha1
[    7.838044] evm: HMAC attrs: 0x1
[    7.839158]   Magic number: 4:492:697
[    7.840079] rtc_cmos rtc_cmos: setting system clock to 2020-01-05 19:41:51 UTC (1578253311)
[    7.842458] BIOS EDD facility v0.16 2004-Jun-25, 0 devices found
[    7.843890] EDD information not available.
[    7.860890] Freeing unused kernel memory: 1488K
[    7.911976] Write protecting the kernel read-only data: 14336k
[    7.932980] Freeing unused kernel memory: 1604K
[    7.954527] Freeing unused kernel memory: 60K
Loading, please wait...
starting version 229
[    7.977380] random: systemd-udevd: uninitialized urandom read (16 bytes read, 3 bits of entropy available)
[    7.978238] random: udevadm: uninitialized urandom read (16 bytes read, 3 bits of entropy available)
[    7.978259] random: udevadm: uninitialized urandom read (16 bytes read, 3 bits of entropy available)
[    7.987822] random: udevadm: uninitialized urandom read (16 bytes read, 3 bits of entropy available)
[    7.987870] random: udevadm: uninitialized urandom read (16 bytes read, 3 bits of entropy available)
[    7.988011] random: udevadm: uninitialized urandom read (16 bytes read, 3 bits of entropy available)
[    7.988062] random: udevadm: uninitialized urandom read (16 bytes read, 3 bits of entropy available)
[    7.988111] random: udevadm: uninitialized urandom read (16 bytes read, 3 bits of entropy available)
[    7.988162] random: udevadm: uninitialized urandom read (16 bytes read, 3 bits of entropy available)
[    7.988213] random: udevadm: uninitialized urandom read (16 bytes read, 3 bits of entropy available)
[    8.103552] e1000: Intel(R) PRO/1000 Network Driver - version 7.3.21-k8-NAPI
[    8.105682] e1000: Copyright (c) 1999-2006 Intel Corporation.
[    8.122544] Fusion MPT base driver 3.04.20
[    8.123810] Copyright (c) 1999-2008 LSI Corporation
[    8.138160] AVX2 version of gcm_enc/dec engaged.
[    8.139273] AES CTR mode by8 optimization enabled
[    8.153957] Fusion MPT SPI Host driver 3.04.20
[    8.350097] input: ImExPS/2 Generic Explorer Mouse as /devices/platform/i8042/serio1/input/input4
[    8.870659] e1000 0000:00:03.0 eth0: (PCI:33MHz:32-bit) 02:4f:25:6a:cc:77
[    9.332054] e1000 0000:00:03.0 eth0: Intel(R) PRO/1000 Network Connection
[    9.340877] mptbase: ioc0: Initiating bringup
[    9.712372] ioc0: LSI53C1030 A0: Capabilities={Initiator}
[   10.438342] scsi host2: ioc0: LSI53C1030 A0, FwRev=00000000h, Ports=1, MaxQ=256, IRQ=20
[   10.804497] scsi 2:0:0:0: Direct-Access     VBOX     HARDDISK         1.0  PQ: 0 ANSI: 5
[   11.344734] scsi target2:0:0: Beginning Domain Validation
[   11.348571] scsi target2:0:0: Domain Validation skipping write tests
[   11.364735] scsi target2:0:0: Ending Domain Validation
[   11.378906] scsi target2:0:0: asynchronous
[   11.383217] scsi 2:0:1:0: Direct-Access     VBOX     HARDDISK         1.0  PQ: 0 ANSI: 5
[   11.391034] scsi target2:0:1: Beginning Domain Validation
[   11.415987] scsi target2:0:1: Domain Validation skipping write tests
[   11.417619] scsi target2:0:1: Ending Domain Validation
[   11.419097] scsi target2:0:1: asynchronous
[   11.436060] sd 2:0:0:0: Attached scsi generic sg0 type 0
[   11.474297] sd 2:0:0:0: [sda] 20971520 512-byte logical blocks: (10.7 GB/10.0 GiB)
[   11.477138] sd 2:0:0:0: [sda] Write Protect is off
[   11.478757] sd 2:0:0:0: [sda] Incomplete mode parameter data
[   11.480218] sd 2:0:0:0: [sda] Assuming drive cache: write through
[   11.483100] sd 2:0:1:0: [sdb] 20480 512-byte logical blocks: (10.5 MB/10.0 MiB)
[   11.491091] sd 2:0:1:0: Attached scsi generic sg1 type 0
[   11.492656] sd 2:0:1:0: [sdb] Write Protect is off
[   11.493916] sd 2:0:1:0: [sdb] Incomplete mode parameter data
[   11.495088] sd 2:0:1:0: [sdb] Assuming drive cache: write through
[   11.497480]  sda: sda1
[   11.498928] sd 2:0:0:0: [sda] Attached SCSI disk
[   11.501458] sd 2:0:1:0: [sdb] Attached SCSI disk
[   11.765112] e1000 0000:00:08.0 eth1: (PCI:33MHz:32-bit) 08:00:27:44:7c:f0
[   11.777139] e1000 0000:00:08.0 eth1: Intel(R) PRO/1000 Network Connection
[   11.802389] e1000 0000:00:03.0 enp0s3: renamed from eth0
[   11.857906] e1000 0000:00:08.0 enp0s8: renamed from eth1
Begin: Loading essential drivers ... [   14.720886] md: linear personality registered for level -1
[   14.725548] md: multipath personality registered for level -4
[   14.730616] md: raid0 personality registered for level 0
[   14.739435] md: raid1 personality registered for level 1
[   14.819359] raid6: sse2x1   gen()  6022 MB/s
[   14.890908] raid6: sse2x1   xor()  4487 MB/s
[   14.958986] raid6: sse2x2   gen()  7329 MB/s
[   15.027106] raid6: sse2x2   xor()  5773 MB/s
[   15.095161] raid6: sse2x4   gen()  8163 MB/s
[   15.210963] raid6: sse2x4   xor()  4645 MB/s
[   15.319119] raid6: avx2x1   gen() 12705 MB/s
[   15.459199] raid6: avx2x2   gen() 14890 MB/s
[   15.631199] raid6: avx2x4   gen() 14232 MB/s
[   15.640789] raid6: using algorithm avx2x2 gen() 14890 MB/s
[   15.648441] raid6: using avx2x2 recovery algorithm
[   15.651109] xor: automatically using best checksumming function:
[   15.691023]    avx       : 19702.000 MB/sec
[   15.755460] async_tx: api initialized (async)
[   15.792149] md: raid6 personality registered for level 6
[   15.814447] md: raid5 personality registered for level 5
[   15.867112] md: raid4 personality registered for level 4
[   15.914175] md: raid10 personality registered for level 10
done.
Begin: Running /scripts/init-premount ... done.
Begin: Mounting root file system ... Begin: Running /scripts/local-top ... done.
Begin: Running /scripts/local-premount ... [   16.026923] Btrfs loaded
Scanning for Btrfs filesystems
done.
Warning: fsck no[   16.070722] EXT4-fs (sda1): mounted filesystem with ordered data mode. Opts: (null)
t present, so skipping root file system
done.
Begin: Running /scripts/local-bottom ... done.
Begin: Running /scripts/init-bottom ... done.
[   16.203053] systemd[1]: systemd 229 running in system mode. (+PAM +AUDIT +SELINUX +IMA +APPARMOR +SMACK +SYSVINIT +UTP +LIBCRYPTSETUP +GCRYP +GNUTLS +ACL +XZ -LZ4 +SECCOMP +BLKID +ELFUTILS +KMOD -IDN)
[  16.295263] systemd[: teedirtualization oracle.
[   16.59831 stemd[1]: Detected architecture x86-64.

Welcome to [1mUbuntu 16.04.6 LTS[0m!

[   16.737823] systemd[1]: Set hostname to <ubuntu>.
[   1741681] systemd[1] Itiizg chine ID frorandom generator.

[   17.206760] systemd[1]: Installed transient /etc/machine-id file.
[ 17017]yste[1 Listening on Journal Audit Socket.
[[0;32m  OK  [0m] Listening on Journal Audit Socket.
[   17.796759] systemd[1]: Listening on udev Control Socket.
[[0;32m  OK  [0m] Listening on udev Control Socket.
[   17.799835] systemd[1]: Started Forward Password Requests to Wall Directory Watch.
[[0;32m  OK  [0m] Started Forward Password Requests to Wall Directory Watch.
[   17.803972] systemd[1]: Listening on Journal Socket.
[[0;32m  OK  [0m] Listening on Journal Socket.
[   17.80689] syem1]:et uaumot Arbitrary EcublFile Formats File System Automount Point.

[[0;32m  OK  [0m] Set up automount Arbitrary Executab...ats File System Automount Point.
[   18.424010] systemd[1]: Listening on Device-mapper event daemon FIFOs.
[[0;32m  OK  [0m] Listening on Device-mapper event daemon FIFOs.
[   18.428368] systemd[1]: Started Trigger resolvconf update for networkd DNS.
[[0;32m  OK  [0m] Started Trigger resolvconf update for networkd DNS.
[   18.432539] systemd[1]: Listening on LVM2 poll daemon socket.
[[0;32m  OK  [0m] Listening on LVM2 poll daemon socket.
[   18.436658] systemd[1]: Reached target User and Group Name Lookups.
[[0;32m  OK  [0m] Reached target User and Group Name Lookups.
[   18.440165] systemd[1]: Listening on udev Kernel Socket.
[[0;32m  OK  [0m] Listening on udev Kernel Socket.
[   18.859400] systemd[1]: Reached target Swap.
[[0;32m  OK  [0m] Reached target Swap.
[  13414systemd[1]: Reached target Encrypted Volumes.
[[0;32m  OK  [0m] Reached target Encrypted Volumes.
[   19.600855] systemd[1]: Listening on /dev/initctl Compatibility Named Pipe.
[[0;32m  OK  [0m] Listening on /dev/initctl Compatibility Named Pipe.
[   19.604648] systemd[1]: Reached target System Time Synchronized.
[[0;32m  OK  [0m] Reached target System Time Synchronized.
[   19.609282] systemd[1]: Listening on LVM2 metadata daemon socket.
[[0;32m  OK  [0m] Listening on LVM2 metadata daemon socket.
[   19.614138] systemd[1]: Liening on Syslog Socket.
[[0;32m  OK  [0m] Listening on Syslog Socket.
[  19.795 ste[1]: Listening on Journal Socket (/dev/log).

[[0;32m  OK  [0m] Listening on Journal Socket (/dev/log).
[   20.137] systemd[1]: Created slice User and Session Slice.
[[0;32m  OK  [0m] Created slice User and Session Slice.
[   20.382014] systemd[1] Cat sli Stem Slice.
[  0.729227] random:onblocking pool is initialized

[[0;32m  OK  [0m] Created slice System Slice.
[   20.943203] systemd[1]: Starting Set console keymap...
         Starting Set console keymap...
[   21.059373] systemd[1]: Starting Journal Service...
         Starting Journal Service...
[   21.075801] systemd[1]: Starting Uncomplicated firewall...
         Starting Uncomplicated firewall...
[   21.093532] systemd[1]: Starting Remount Root and Kernel File Systems...
         Starting Remount Root and Kernel File Systems...
[   21.127363] systemd[1]: Starting Nameserver information manager...
         Starting Nameserver information manager...
[   21.178410] systemd[1]: Mounting Debug File System...
         Mounting Debug File System...
[   21.190362] EXT4-fs (sda1): re-mounted. Opts: (null)
[   21.200173] systemd[1]: Starting Create list of required static device nodes for the current kernel...
         Starting Create list of required st... nodes for the current kernel...
[   21.259109] systemd[1]: Starting Load Kernel Modules...
         Starting Load Kernel Modules...
[   21.266573] systemd[1]: Created slice system-serial\x2dgetty.slice.
[[0;32m  OK  [0m] Created slice system-serial\x2dgetty.slice.
[   21.282583] Loading iSCSI transport class v2.0-870.
[   21.292180] systemd[1]: Mounting Huge Pages File System...
         Mounting Huge Pages File System...
[   21.320621] systemd[1]: Mounting POSIX Message Queue File System...
         Mounting POSIX Message Queue File System...
[   21.327773] systemd[1]: Reached target Slices.
[[0;32m  OK  [0m] Reached target Slices.[   21.330801] iscsi: registered transport (tcp)

[   21.377016] systemd[1]: Starting Monitoring of LVM2 mirrors, snapshots etc. using dmeventd or progress polling...
         Starting Monitoring of LVM2 mirrors... dmeventd or progress polling...
[   21.444184] iscsi: registered transport (iser)
[   21.444750] systemd[1]: Mounted Debug File System.
[[0;32m  OK  [0m] Mounted Debug File System.
[  2611432] systemd[1]: Mounted Huge Pages File System.

[[0;32m  OK  [0m] Mounted Huge Pages File System.
[  21.7674] stemd[1]: Mounted POSIX Message Queue File stm.

[[0;32m  OK  [0m] Mounted POSIX Message Queue File System.
[   22.156467] systemd[1]: Started Journal Service.
[[0;32m  OK  [0m] Started Journal Service.
[[0;32m  OK  [0m] Started Set console keymap.
[[0;32m  OK  [0m] Started Uncomplicated firewall.
[[0;32m  OK  [0m] Started Remount Root and Kernel File Systems.
[[0;32m  OK  [0m] Started Create list of required sta...ce nodes for the current kernel.
[[0;32m  OK  [0m] Started Load Kernel Modules.
[[0;32m  OK  [0m] Started Nameserver information manager.
[[0;32m  OK  [0m] Started LVM2 metadata daemon.
         Mounting FUSE Control File System...
         Starting Apply Kernel Variables...
         Starting Create Static Device Nodes in /dev...
         Starting udev Coldplug all Devices...
         Starting Load/Save Random Seed...
         Starting Flush Journal to Persistent Storage...
[[0;32m  OK  [0m] Mounted FUSE Control File System.
[[0;32m  OK  [0m] Started Apply Kernel Variables.
[[0;32m  OK  [0m] Started Create Static Device Nodes in /dev.
[[0;32m  OK  [0m] Started Load/Save Random Seed.
[[0;32m  OK  [0m] Started Monitoring of LVM2 mirrors,...ng dmeventd or progress polling.
[[0;32m  OK  [0m] Started udev Coldplug all Devices.
[[0;32m  OK  [0m] Started Flush Journal to Persistent Storage.
         Starting udev Kernel Device Manager...
[[0;32m  OK  [0m] Reached target Local File Systems (Pre).
[[0;32m  OK  [0m] Reached target Local File Systems.
         Starting LSB: AppArmor initialization...
         Starting Tell Plymouth To Write Out Runtime Data...
         Starting Commit a transient machine-id on disk...
         Starting Create Volatile Files and Directories...
         Starting Set console font and keymap...
         Starting Initial cloud-init job (pre-networking)...
[[0;32m  OK  [0m] Started udev Kernel Device Manager.
[[0;32m  OK  [0m] Started Tell Plymouth To Write Out Runtime Data.
[[0;32m  OK  [0m] Started Commit a transient machine-id on disk.
[[0;32m  OK  [0m] Started Create Volatile Files and Directories.
         Starting Update UTMP about System Boot/Shutdown...
[[0;32m  OK  [0m] Started Dispatch Password Requests to Console Directory Watch.
[[0;32m  OK  [0m] Started Update UTMP about System Boot/Shutdown.
[[0;32m  OK  [0m] Found device /dev/ttyS0.
[[0;32m  OK  [0m] Listening on Load/Save RF Kill Switch Status /dev/rfkill Watch.
[[0;32m  OK  [0m] Started Set console font and keymap.
[[0;32m  OK  [0m] Started LSB: AppArmor initialization.
[[0;32m  OK  [0m] Created slice system-getty.slice.
[   20.234466] cloud-init[495]: Cloud-init v. 19.2-36-g059d049c-0ubuntu2~16.04.1 running 'init-local' at Sun, 05 Jan 2020 19:42:08 +0000. Up 19.76 seconds.
[[0;32m  OK  [0m] Started Initial cloud-init job (pre-networking).
[[0;32m  OK  [0m] Reached target Network (Pre).
         Starting Raise network interfaces...
[[0;32m  OK  [0m] Started Raise network interfaces.
[[0;32m  OK  [0m] Reached target Network.
         Starting Initial cloud-init job (metadata service crawler)...
[   22.257530] cloud-init[956]: Cloud-init v. 19.2-36-g059d049c-0ubuntu2~16.04.1 running 'init' at Sun, 05 Jan 2020 19:42:10 +0000. Up 21.54 seconds.
[   22.260783] cloud-init[956]: ci-info: ++++++++++++++++++++++++++++++++++++++Net device info+++++++++++++++++++++++++++++++++++++++
[   22.276430] cloud-init[956]: ci-info: +--------+-------+----------------------------+---------------+--------+-------------------+
[   22.279092] cloud-init[956]: ci-info: | Device |   Up  |          Address           |      Mask     | Scope  |     Hw-Address    |
[   22.283733] cloud-init[956]: ci-info: +--------+-------+----------------------------+---------------+--------+-------------------+
[[0;32m  OK  [0m] Started Initial cloud-init job (metadata service crawler).[   22.312470] cloud-init[956]: ci-info: | enp0s3 |  True |         10.0.2.15          | 255.255.255.0 | global | 02:4f:25:6a:cc:77 |
[   22.314620] cloud-init[956]: ci-info: | enp0s3 |  True | fe80::4f:25ff:fe6a:cc77/64 |       .       |  link  | 02:4f:25:6a:cc:77 |
[[0;32m  OK  [0m] Reached target Network is Online.

[   22.319996] cloud-init[956]: ci-info: | enp0s8 | False |             .              |       .       |   .    | 08:00:27:44:7c:f0 |
[   22.322859] cloud-init[956]: ci-info: |   lo   |  True |         127.0.0.1          |   255.0.0.0   |  host  |         .         |
         Starting iSCSI initiator daemon (iscsid)...
[[0;32m  OK  [0m] Reached target System Initialization.
[[0;32m  OK  [0m] Started Message of the Day.
[   22.348835] cloud-init[956]: ci-info: |   lo   |  True |          ::1/128           |       .       |  host  |         .         |
[[0;32m  OK  [0m] Started ACPI Events Check.
[[0;32m  OK  [0m] Reached target Paths.
[   22.548993] cloud-init[956]: ci-info: +--------+-------+----------------------------+---------------+--------+-------------------+
[[0;32m  OK  [0m] [   22.581022] cloud-init[956]: ci-info: +++++++++++++++++++++++++++Route IPv4 info++++++++++++++++++++++++++++
[   22.594887] cloud-init[956]: ci-info: +-------+-------------+----------+---------------+-----------+-------+
[   22.595005] cloud-init[956]: ci-info: | Route | Destination | Gateway  |    Genmask    | Interface | Flags |
[   22.595088] cloud-init[956]: ci-info: +-------+-------------+----------+---------------+-----------+-------+
[   22.595185] cloud-init[956]: ci-info: |   0   |   0.0.0.0   | 10.0.2.2 |    0.0.0.0    |   enp0s3  |   UG  |
[   22.595269] cloud-init[956]: ci-info: |   1   |   10.0.2.0  | 0.0.0.0  | 255.255.255.0 |   enp0s3  |   U   |
[   22.595348] cloud-init[956]: ci-info: +-------+-------------+----------+---------------+-----------+-------+
[   22.595426] cloud-init[956]: ci-info: +++++++++++++++++++Route IPv6 info+++++++++++++++++++
[   22.595505] cloud-init[956]: ci-info: +-------+-------------+---------+-----------+-------+
[   22.595580] cloud-init[956]: ci-info: | Route | Destination | Gateway | Interface | Flags |
[   22.595666] cloud-init[956]: ci-info: +-------+-------------+---------+-----------+-------+
[   22.595807] cloud-init[956]: ci-info: |   0   |  fe80::/64  |    ::   |   enp0s3  |   U   |
[   22.596264] cloud-init[956]: ci-info: |   3   |   ff00::/8  |    ::   |   enp0s3  |   U   |
[   22.596349] cloud-init[956]: ci-info: +-------+-------------+---------+-----------+-------+
[   22.596413] cloud-init[956]: Generating public/private rsa key pair.
[   22.596478] cloud-init[956]: Your identification has been saved in /etc/ssh/ssh_host_rsa_key.
[   22.596542] cloud-init[956]: Your public key has been saved in /etc/ssh/ssh_host_rsa_key.pub.
[   22.596608] cloud-init[956]: The key fingerprint is:
[   22.596678] cloud-init[956]: SHA256:QOTvcN0MahRLASQs6Y1Dp9/WCRhArFz+T5nQpMIOZVA root@ubuntu-xenial
Started Daily Cleanup of Temporary Directories.
[   22.596889] cloud-init[[0;32m  OK  [0m] Listening on UUID daemon activation socket.
[956]: The key's randomart image is:
[   22.954313] cloud-init[956]: +---[RSA 2048]----+[[0;32m  OK  [0m] Listening on ACPID Listen Socket.

[   22.960706] cloud-init[956]: | +=E.o=.+.       |
[   22.963777] [[0;32m  OK  [0m] Started Daily apt download activities.
[[0;32m  OK  [0m] Started Daily apt upgrade and clean activities.
         cloud-init[956]: |  =+++ o o       |
[   22.972540] cloud-init[956]: |.+** o* o .      |
[   22.973103] cloud-init[956]: |.o=+oo.= o +     |
[   22.973479] cloud-init[956]: |  ooo.ooS.. o    |
[   22.973929] cloud-init[956]: |   ...oOo        |
[   22.974321] cloud-init[956]: |     .o .        |
Starting Socket activation for snappy daemon.
[   22.974753] cloud-init[956]: |       .         |
[   22.986830] cloud-init[956]: |                 |
[   22.989588] cloud-init[956]: +----[SHA256]-----+
[   22.994043] cloud-init[956]: Generating public/private dsa key pair.
[   22.994863] cloud-init[956]: Your identification has been saved in /etc/ssh/ssh_host_dsa_key.
[   22.995414] cloud-init[956]: Your public key has been saved in /etc/ssh/ssh_host_dsa_key.pub.
[   22.995785] cloud-init[956]: The key fingerprint is:
[   22.996630] cloud-init[956]: SHA256:fSoDEqWgYBuXKTYCu37lvVSmHH1V3bp/8OS1xlW+I/4 root@ubuntu-xenial
[   22.996965] cloud-init[956]: The key's randomart image is:
[   22.997362] cloud-init[956]: +---[DSA 1024]----+
[   22.997697] cloud-init[956]: |+o..o .        .o|
[   22.998100] cloud-init[956]: |+*++ o        . o|
[   22.998446] cloud-init[956]: |=.o o        . . |
[   22.998681] cloud-init[956]: | .   .  ..  . . .|
[   22.998889] cloud-init[956]: |.   ....S+...  o.|
[   22.999203] cloud-init[956]: |.   o.o.= .o  o =|
[   22.999563] cloud-init[956]: | . . . =o .   .*=|
[   22.999854] cloud-init[956]: |  .   . .o   . *=|
[   23.000368] cloud-init[956]: |       .    ..+Eo|
[   23.000597] cloud-init[956]: +----[SHA256]-----+
[   23.000836] cloud-init[956]: Generating public/private ecdsa key pair.
[   23.001095] cloud-init[956]: Your identification has been saved in /etc/ssh/ssh_host_ecdsa_key.
[   23.001331] cloud-init[956]: Your public key has been saved in /etc/ssh/ssh_host_ecdsa_key.pub.
[   23.001571] cloud-init[956]: The key fingerprint is:
[   23.001883] cloud-init[956]: SHA256:zzkl0U63ZduP7P3Et5KohfAywbBmuWSxS0J+nOI1Ycg root@ubuntu-xenial
[   23.002141] cloud-init[956]: The key's randomart image is:
[   23.002374] cloud-init[956]: +---[ECDSA 256]---+
[   23.002629] cloud-init[956]: |                 |
[   23.002859] cloud-init[956]: |  . .      .     |
[   23.003121] cloud-init[956]: |   E =    . o . o|
[   23.003362] cloud-init[956]: |  o o X    + . +o|
[   23.003609] cloud-init[956]: |   + / +S . o ...|
[   23.003861] cloud-init[956]: |  . @ + +o.+ . o.|
         Starting LXD - unix socket.
[   23.004365] cloud-init[956]: |   . o o o=.. + =|
[   23.097632] cloud-init[956]: |        o .o + oo|
[   23.098550] cloud-init[956]: |         ..   o.+|
[   23.098865] cloud-init[956]: +----[SHA256]-----+
[   23.099229] cloud-init[956]: Generating public/private ed25519 key pair.
[   23.099373] cloud-init[956]: Your identification has been saved in /etc/ssh/ssh_host_ed25519_key.
[   23.099557] cloud-init[956]: Your public key has been saved in /etc/ssh/ssh_host_ed25519_key.pub.
[   23.099730] cloud-init[956]: The key fingerprint is:
[   23.099953] cloud-init[956]: SHA256:ESf1djVcDXV2YJPkBCgm1BtjD7eI6mRCz5tAoh6rwBM root@ubuntu-xenial
[   23.100426] cloud-init[956]: The key's randomart image is:
[   23.100594] cloud-init[956]: +--[ED25519 256]--+
[   23.100777] cloud-init[956]: |     ...o.o..oO*X|
[   23.100964] cloud-init[956]: |      . O+o. +.==|
[   23.101630] cloud-init[956]: |       =.X .o o  |
[   23.101696] cloud-init[956]: |. o   . o.o. .   |
[   23.101875] cloud-init[956]: |.E o .  S        |
[   23.102060] cloud-init[956]: |o.+ *            |
[[0;32m  OK  [0m] Reached target Timers.
[   23.102293] cloud-init[956]: |ooo* o           |
[   23.143658] cloud-init[956]: |.o. +            |
[[0;32m  OK  [0m] Listening on D-Bus System Message Bus Socket.
[[   23.143768] cloud-init[956]: |o                |
[   23.175749] cloud-init[956]: +----[SHA256]-----+
[0;32m  OK  [0m] Reached target Cloud-config availability.
[[0;32m  OK  [0m] Listening on Socket activation for snappy daemon.
[[0;32m  OK  [0m] Listening on LXD - unix socket.
[[0;32m  OK  [0m] Started iSCSI initiator daemon (iscsid).
         Starting Login to default iSCSI targets...
[[0;32m  OK  [0m] Reached target Sockets.
[[0;32m  OK  [0m] Reached target Basic System.
[[0;32m  OK  [0m] Started Regular background program processing daemon.
         Starting LXD - container startup/shutdown...
         Starting Accounts Service...
         Starting LSB: MD monitoring daemon...
         Starting /etc/rc.local Compatibility...
[[0;32m  OK  [0m] Started ACPI event daemon.
[[0;32m  OK  [0m] Started D-Bus System Message Bus.
[[0;32m  OK  [0m] Started Deferred execution scheduler.
         Starting LSB: Record successful boot for GRUB...
         Starting Pollinate to seed the pseudo random number generator...
         Starting Snappy daemon...
[[0;32m  OK  [0m] Started FUSE filesystem for LXC.
         Starting Virtualbox guest utils...
         Starting System Logging Service...
         Starting Login Service...
[[0;32m  OK  [0m] Started LXD - container startup/shutdown.
[[0;32m  OK  [0m] Started /etc/rc.local Compatibility.
[[0;32m  OK  [0m] Started System Logging Service.
[[0;32m  OK  [0m] Started Login to default iSCSI targets.
[[0;32m  OK  [0m] Started LSB: MD monitoring daemon.
[[0;32m  OK  [0m] Started LSB: Record successful boot for GRUB.
         Starting Authenticate and Authorize Users to Run Privileged Tasks...
[[0;32m  OK  [0m] Reached target Remote File Systems (Pre).
[[0;32m  OK  [0m] Reached target Remote File Systems.
         Starting LSB: daemon to balance interrupts for SMP systems...
         Starting LSB: automatic crash report generation...
         Starting LSB: Set the CPU Frequency Scaling governor to "ondemand"...
         Starting Permit User Sessions...
[[0;32m  OK  [0m] Started Snappy daemon.
[[0;32m  OK  [0m] Started Pollinate to seed the pseudo random number generator.
[[0;32m  OK  [0m] Started Virtualbox guest utils.
[[0;32m  OK  [0m] Started Permit User Sessions.
[[0;32m  OK  [0m] Started Login Service.
[[0;32m  OK  [0m] Started Authenticate and Authorize Users to Run Privileged Tasks.
[[0;32m  OK  [0m] Started Accounts Service.
[[0;32m  OK  [0m] Started Unattended Upgrades Shutdown.
         Starting Hold until boot process finishes up...
         Starting Terminate Plymouth Boot Screen...
         Starting OpenBSD Secure Shell server...
         Starting Wait until snapd is fully seeded...
[[0;32m  OK  [0m] Started LSB: daemon to balance interrupts for SMP systems.
[[0;32m  OK  [0m] Started LSB: automatic crash report generation.
[[0;32m  OK  [0m] Started LSB: Set the CPU Frequency Scaling governor to "ondemand".
[[0;32m  OK  [0m] Started Hold until boot process finishes up.
[[0;32m  OK  [0m] Started Terminate Plymouth Boot Screen.
[[0;32m  OK  [0m] Started OpenBSD Secure Shell server.
[[0;32m  OK  [0m] Started Getty on tty1.
[[0;32m  OK  [0m] Started Serial Getty on ttyS0.
[[0;32m  OK  [0m] Reached target Login Prompts.
         Starting Set console scheme...
[[0;32m  OK  [0m] Started Set console scheme.
[[0;32m  OK  [0m] Created slice User Slice of vagrant.
         Starting User Manager for UID 1000...
[[0;32m  OK  [0m] Started Session 1 of user vagrant.
[[0;32m  OK  [0m] Started User Manager for UID 1000.
[[0;32m  OK  [0m] Started Wait until snapd is fully seeded.
         Starting Apply the settings specified in cloud-config...
[[0;32m  OK  [0m] Reached target Multi-User System.
[[0;32m  OK  [0m] Reached target Graphical Interface.
         Starting Update UTMP about System Runlevel Changes...
[[0;32m  OK  [0m] Started Update UTMP about System Runlevel Changes.
[   26.088257] cloud-init[1382]: Generating locales (this might take a while)...
[   27.279666] cloud-init[1382]:   en_US.UTF-8... done
[   27.332779] cloud-init[1382]: Generation complete.
[   27.701861] cloud-init[1382]: Cloud-init v. 19.2-36-g059d049c-0ubuntu2~16.04.1 running 'modules:config' at Sun, 05 Jan 2020 19:42:14 +0000. Up 25.92 seconds.
[[0;32m  OK  [0m] Started Apply the settings specified in cloud-config.
         Starting Execute cloud user/final scripts...
ci-info: no authorized ssh keys fingerprints found for user ubuntu.
<14>Jan  5 19:42:16 ec2: 
<14>Jan  5 19:42:16 ec2: #############################################################
<14>Jan  5 19:42:16 ec2: -----BEGIN SSH HOST KEY FINGERPRINTS-----
<14>Jan  5 19:42:16 ec2: 1024 SHA256:fSoDEqWgYBuXKTYCu37lvVSmHH1V3bp/8OS1xlW+I/4 root@ubuntu-xenial (DSA)
<14>Jan  5 19:42:16 ec2: 256 SHA256:zzkl0U63ZduP7P3Et5KohfAywbBmuWSxS0J+nOI1Ycg root@ubuntu-xenial (ECDSA)
<14>Jan  5 19:42:16 ec2: 256 SHA256:ESf1djVcDXV2YJPkBCgm1BtjD7eI6mRCz5tAoh6rwBM root@ubuntu-xenial (ED25519)
<14>Jan  5 19:42:16 ec2: 2048 SHA256:QOTvcN0MahRLASQs6Y1Dp9/WCRhArFz+T5nQpMIOZVA root@ubuntu-xenial (RSA)
<14>Jan  5 19:42:16 ec2: -----END SSH HOST KEY FINGERPRINTS-----
<14>Jan  5 19:42:16 ec2: #############################################################
-----BEGIN SSH HOST KEY KEYS-----
ecdsa-sha2-nistp256 AAAAE2VjZHNhLXNoYTItbmlzdHAyNTYAAAAIbmlzdHAyNTYAAABBBI0jr2fbc0O/rTC2M0MMY9f17qeV50WTi4pSB5O52eGXBUnI2XrNq7oREEaHHgziKLLW5/kNnwMi8EXk/db1FnE= root@ubuntu-xenial
ssh-ed25519 AAAAC3NzaC1lZDI1NTE5AAAAIEEOoubiwTx5d5ITvJyPIA7C/vCpjlhMXuKpeFtzPrBD root@ubuntu-xenial
ssh-rsa AAAAB3NzaC1yc2EAAAADAQABAAABAQDvsdN9/5p8teyQE74c1v/uQNzZumyhfkERmYbA/9PuLsluBGIRrCAPxuUZMIh49aJI+cOs4IvEwJVdQmvldHs/tC1df1bFQZbPl6pC8op/xixsDJk2Kb44EQoQMJwNP/bBzGkNKL4B58eRxV7APUr/mWW4saiju6qtSCc9S/YxVjCrzLwbzceBFLugrHNwEDluKfsRT0hft6yKhG4Gu24fN+2W51JSaMkjTMkr6YmcduR4dkO3qmv+QIpx/juYwityj/RmomQQA3VEcbNzP4IAh1MyjenhVoHYml/3rky5LSY2AHMgBOhbALLCgAbSDrZSF8CTt82YVZQ3ir+5q8Wv root@ubuntu-xenial
-----END SSH HOST KEY KEYS-----
[   28.428709] cloud-init[1550]: Cloud-init v. 19.2-36-g059d049c-0ubuntu2~16.04.1 running 'modules:final' at Sun, 05 Jan 2020 19:42:16 +0000. Up 28.12 seconds.
[   28.449421] cloud-init[1550]: ci-info: no authorized ssh keys fingerprints found for user ubuntu.
[   28.472899] cloud-init[1550]: Cloud-init v. 19.2-36-g059d049c-0ubuntu2~16.04.1 finished at Sun, 05 Jan 2020 19:42:17 +0000. Datasource DataSourceNoCloud [seed=/dev/sdb][dsmode=net].  Up 28.41 seconds
[[0;32m  OK  [0m] Started Execute cloud user/final scripts.
[[0;32m  OK  [0m] Reached target Cloud-init target.

Ubuntu 16.04.6 LTS ubuntu-xenial ttyS0

ubuntu-xenial login: 